Performing C SOURCE FILE Test CMAKE_HAVE_LIBC_PTHREAD failed with the following output:
Change Dir: /home/ego/projects/minecpp/build/CMakeFiles/CMakeTmp

Run Build Command(s):/usr/bin/make cmTC_624fd/fast && /usr/bin/make  -f CMakeFiles/cmTC_624fd.dir/build.make CMakeFiles/cmTC_624fd.dir/build
make[1]: Entering directory '/home/ego/projects/minecpp/build/CMakeFiles/CMakeTmp'
Building C object CMakeFiles/cmTC_624fd.dir/src.c.o
/usr/bin/cc -DCMAKE_HAVE_LIBC_PTHREAD  -fPIE -o CMakeFiles/cmTC_624fd.dir/src.c.o -c /home/ego/projects/minecpp/build/CMakeFiles/CMakeTmp/src.c
Linking C executable cmTC_624fd
/usr/bin/cmake -E cmake_link_script CMakeFiles/cmTC_624fd.dir/link.txt --verbose=1
/usr/bin/cc CMakeFiles/cmTC_624fd.dir/src.c.o -o cmTC_624fd 
/usr/bin/ld: CMakeFiles/cmTC_624fd.dir/src.c.o: in function `main':
src.c:(.text+0x3e): undefined reference to `pthread_create'
/usr/bin/ld: src.c:(.text+0x4a): undefined reference to `pthread_detach'
/usr/bin/ld: src.c:(.text+0x56): undefined reference to `pthread_cancel'
/usr/bin/ld: src.c:(.text+0x67): undefined reference to `pthread_join'
collect2: error: ld returned 1 exit status
make[1]: *** [CMakeFiles/cmTC_624fd.dir/build.make:106: cmTC_624fd] Error 1
make[1]: Leaving directory '/home/ego/projects/minecpp/build/CMakeFiles/CMakeTmp'
make: *** [Makefile:140: cmTC_624fd/fast] Error 2


Source file was:
#include <pthread.h>

static void* test_func(void* data)
{
  return data;
}

int main(void)
{
  pthread_t thread;
  pthread_create(&thread, NULL, test_func, NULL);
  pthread_detach(thread);
  pthread_cancel(thread);
  pthread_join(thread, NULL);
  pthread_atfork(NULL, NULL, NULL);
  pthread_exit(NULL);

  return 0;
}

Determining if the function pthread_create exists in the pthreads failed with the following output:
Change Dir: /home/ego/projects/minecpp/build/CMakeFiles/CMakeTmp

Run Build Command(s):/usr/bin/make cmTC_db613/fast && /usr/bin/make  -f CMakeFiles/cmTC_db613.dir/build.make CMakeFiles/cmTC_db613.dir/build
make[1]: Entering directory '/home/ego/projects/minecpp/build/CMakeFiles/CMakeTmp'
Building C object CMakeFiles/cmTC_db613.dir/CheckFunctionExists.c.o
/usr/bin/cc   -DCHECK_FUNCTION_EXISTS=pthread_create -fPIE -o CMakeFiles/cmTC_db613.dir/CheckFunctionExists.c.o -c /usr/share/cmake-3.19/Modules/CheckFunctionExists.c
Linking C executable cmTC_db613
/usr/bin/cmake -E cmake_link_script CMakeFiles/cmTC_db613.dir/link.txt --verbose=1
/usr/bin/cc   -DCHECK_FUNCTION_EXISTS=pthread_create CMakeFiles/cmTC_db613.dir/CheckFunctionExists.c.o -o cmTC_db613  -lpthreads 
/usr/bin/ld: cannot find -lpthreads
collect2: error: ld returned 1 exit status
make[1]: *** [CMakeFiles/cmTC_db613.dir/build.make:106: cmTC_db613] Error 1
make[1]: Leaving directory '/home/ego/projects/minecpp/build/CMakeFiles/CMakeTmp'
make: *** [Makefile:140: cmTC_db613/fast] Error 2



Determining if the function res_servicename exists in the resolv failed with the following output:
Change Dir: /home/ego/projects/minecpp/build/CMakeFiles/CMakeTmp

Run Build Command(s):/usr/bin/make cmTC_9ddf0/fast && /usr/bin/make  -f CMakeFiles/cmTC_9ddf0.dir/build.make CMakeFiles/cmTC_9ddf0.dir/build
make[1]: Entering directory '/home/ego/projects/minecpp/build/CMakeFiles/CMakeTmp'
Building C object CMakeFiles/cmTC_9ddf0.dir/CheckFunctionExists.c.o
/usr/bin/cc   -DCHECK_FUNCTION_EXISTS=res_servicename -fPIE -o CMakeFiles/cmTC_9ddf0.dir/CheckFunctionExists.c.o -c /usr/share/cmake-3.19/Modules/CheckFunctionExists.c
Linking C executable cmTC_9ddf0
/usr/bin/cmake -E cmake_link_script CMakeFiles/cmTC_9ddf0.dir/link.txt --verbose=1
/usr/bin/cc   -DCHECK_FUNCTION_EXISTS=res_servicename CMakeFiles/cmTC_9ddf0.dir/CheckFunctionExists.c.o -o cmTC_9ddf0  -lresolv 
/usr/bin/ld: CMakeFiles/cmTC_9ddf0.dir/CheckFunctionExists.c.o: in function `main':
CheckFunctionExists.c:(.text+0x10): undefined reference to `res_servicename'
collect2: error: ld returned 1 exit status
make[1]: *** [CMakeFiles/cmTC_9ddf0.dir/build.make:106: cmTC_9ddf0] Error 1
make[1]: Leaving directory '/home/ego/projects/minecpp/build/CMakeFiles/CMakeTmp'
make: *** [Makefile:140: cmTC_9ddf0/fast] Error 2



Determining if the function gethostbyname exists in the socket failed with the following output:
Change Dir: /home/ego/projects/minecpp/build/CMakeFiles/CMakeTmp

Run Build Command(s):/usr/bin/make cmTC_5cb16/fast && /usr/bin/make  -f CMakeFiles/cmTC_5cb16.dir/build.make CMakeFiles/cmTC_5cb16.dir/build
make[1]: Entering directory '/home/ego/projects/minecpp/build/CMakeFiles/CMakeTmp'
Building C object CMakeFiles/cmTC_5cb16.dir/CheckFunctionExists.c.o
/usr/bin/cc   -DCHECK_FUNCTION_EXISTS=gethostbyname -fPIE -o CMakeFiles/cmTC_5cb16.dir/CheckFunctionExists.c.o -c /usr/share/cmake-3.19/Modules/CheckFunctionExists.c
Linking C executable cmTC_5cb16
/usr/bin/cmake -E cmake_link_script CMakeFiles/cmTC_5cb16.dir/link.txt --verbose=1
/usr/bin/cc   -DCHECK_FUNCTION_EXISTS=gethostbyname CMakeFiles/cmTC_5cb16.dir/CheckFunctionExists.c.o -o cmTC_5cb16  -lsocket 
/usr/bin/ld: cannot find -lsocket
collect2: error: ld returned 1 exit status
make[1]: *** [CMakeFiles/cmTC_5cb16.dir/build.make:106: cmTC_5cb16] Error 1
make[1]: Leaving directory '/home/ego/projects/minecpp/build/CMakeFiles/CMakeTmp'
make: *** [Makefile:140: cmTC_5cb16/fast] Error 2



Determining if the function socket exists in the socket failed with the following output:
Change Dir: /home/ego/projects/minecpp/build/CMakeFiles/CMakeTmp

Run Build Command(s):/usr/bin/make cmTC_027d8/fast && /usr/bin/make  -f CMakeFiles/cmTC_027d8.dir/build.make CMakeFiles/cmTC_027d8.dir/build
make[1]: Entering directory '/home/ego/projects/minecpp/build/CMakeFiles/CMakeTmp'
Building C object CMakeFiles/cmTC_027d8.dir/CheckFunctionExists.c.o
/usr/bin/cc   -DCHECK_FUNCTION_EXISTS=socket -fPIE -o CMakeFiles/cmTC_027d8.dir/CheckFunctionExists.c.o -c /usr/share/cmake-3.19/Modules/CheckFunctionExists.c
Linking C executable cmTC_027d8
/usr/bin/cmake -E cmake_link_script CMakeFiles/cmTC_027d8.dir/link.txt --verbose=1
/usr/bin/cc   -DCHECK_FUNCTION_EXISTS=socket CMakeFiles/cmTC_027d8.dir/CheckFunctionExists.c.o -o cmTC_027d8  -lsocket 
/usr/bin/ld: cannot find -lsocket
collect2: error: ld returned 1 exit status
make[1]: *** [CMakeFiles/cmTC_027d8.dir/build.make:106: cmTC_027d8] Error 1
make[1]: Leaving directory '/home/ego/projects/minecpp/build/CMakeFiles/CMakeTmp'
make: *** [Makefile:140: cmTC_027d8/fast] Error 2



Determining if files socket.h exist failed with the following output:
Change Dir: /home/ego/projects/minecpp/build/CMakeFiles/CMakeTmp

Run Build Command(s):/usr/bin/make cmTC_45d53/fast && /usr/bin/make  -f CMakeFiles/cmTC_45d53.dir/build.make CMakeFiles/cmTC_45d53.dir/build
make[1]: Entering directory '/home/ego/projects/minecpp/build/CMakeFiles/CMakeTmp'
Building C object CMakeFiles/cmTC_45d53.dir/HAVE_SOCKET_H.c.o
/usr/bin/cc   -fPIE -o CMakeFiles/cmTC_45d53.dir/HAVE_SOCKET_H.c.o -c /home/ego/projects/minecpp/build/CMakeFiles/CheckIncludeFiles/HAVE_SOCKET_H.c
/home/ego/projects/minecpp/build/CMakeFiles/CheckIncludeFiles/HAVE_SOCKET_H.c:2:10: fatal error: socket.h: No such file or directory
    2 | #include <socket.h>
      |          ^~~~~~~~~~
compilation terminated.
make[1]: *** [CMakeFiles/cmTC_45d53.dir/build.make:85: CMakeFiles/cmTC_45d53.dir/HAVE_SOCKET_H.c.o] Error 1
make[1]: Leaving directory '/home/ego/projects/minecpp/build/CMakeFiles/CMakeTmp'
make: *** [Makefile:140: cmTC_45d53/fast] Error 2


Source:
/* */
#include <socket.h>


int main(void){return 0;}

Determining if files stropts.h exist failed with the following output:
Change Dir: /home/ego/projects/minecpp/build/CMakeFiles/CMakeTmp

Run Build Command(s):/usr/bin/make cmTC_3cdac/fast && /usr/bin/make  -f CMakeFiles/cmTC_3cdac.dir/build.make CMakeFiles/cmTC_3cdac.dir/build
make[1]: Entering directory '/home/ego/projects/minecpp/build/CMakeFiles/CMakeTmp'
Building C object CMakeFiles/cmTC_3cdac.dir/HAVE_STROPTS_H.c.o
/usr/bin/cc   -fPIE -o CMakeFiles/cmTC_3cdac.dir/HAVE_STROPTS_H.c.o -c /home/ego/projects/minecpp/build/CMakeFiles/CheckIncludeFiles/HAVE_STROPTS_H.c
/home/ego/projects/minecpp/build/CMakeFiles/CheckIncludeFiles/HAVE_STROPTS_H.c:2:10: fatal error: stropts.h: No such file or directory
    2 | #include <stropts.h>
      |          ^~~~~~~~~~~
compilation terminated.
make[1]: *** [CMakeFiles/cmTC_3cdac.dir/build.make:85: CMakeFiles/cmTC_3cdac.dir/HAVE_STROPTS_H.c.o] Error 1
make[1]: Leaving directory '/home/ego/projects/minecpp/build/CMakeFiles/CMakeTmp'
make: *** [Makefile:140: cmTC_3cdac/fast] Error 2


Source:
/* */
#include <stropts.h>


int main(void){return 0;}

Determining if files winsock2.h;windows.h exist failed with the following output:
Change Dir: /home/ego/projects/minecpp/build/CMakeFiles/CMakeTmp

Run Build Command(s):/usr/bin/make cmTC_79193/fast && /usr/bin/make  -f CMakeFiles/cmTC_79193.dir/build.make CMakeFiles/cmTC_79193.dir/build
make[1]: Entering directory '/home/ego/projects/minecpp/build/CMakeFiles/CMakeTmp'
Building C object CMakeFiles/cmTC_79193.dir/HAVE_WINSOCK2_H.c.o
/usr/bin/cc   -fPIE -o CMakeFiles/cmTC_79193.dir/HAVE_WINSOCK2_H.c.o -c /home/ego/projects/minecpp/build/CMakeFiles/CheckIncludeFiles/HAVE_WINSOCK2_H.c
/home/ego/projects/minecpp/build/CMakeFiles/CheckIncludeFiles/HAVE_WINSOCK2_H.c:2:10: fatal error: winsock2.h: No such file or directory
    2 | #include <winsock2.h>
      |          ^~~~~~~~~~~~
compilation terminated.
make[1]: *** [CMakeFiles/cmTC_79193.dir/build.make:85: CMakeFiles/cmTC_79193.dir/HAVE_WINSOCK2_H.c.o] Error 1
make[1]: Leaving directory '/home/ego/projects/minecpp/build/CMakeFiles/CMakeTmp'
make: *** [Makefile:140: cmTC_79193/fast] Error 2


Source:
/* */
#include <winsock2.h>
#include <windows.h>


int main(void){return 0;}

Determining if files winsock2.h;ws2tcpip.h;windows.h exist failed with the following output:
Change Dir: /home/ego/projects/minecpp/build/CMakeFiles/CMakeTmp

Run Build Command(s):/usr/bin/make cmTC_07dc9/fast && /usr/bin/make  -f CMakeFiles/cmTC_07dc9.dir/build.make CMakeFiles/cmTC_07dc9.dir/build
make[1]: Entering directory '/home/ego/projects/minecpp/build/CMakeFiles/CMakeTmp'
Building C object CMakeFiles/cmTC_07dc9.dir/HAVE_WS2TCPIP_H.c.o
/usr/bin/cc   -fPIE -o CMakeFiles/cmTC_07dc9.dir/HAVE_WS2TCPIP_H.c.o -c /home/ego/projects/minecpp/build/CMakeFiles/CheckIncludeFiles/HAVE_WS2TCPIP_H.c
/home/ego/projects/minecpp/build/CMakeFiles/CheckIncludeFiles/HAVE_WS2TCPIP_H.c:2:10: fatal error: winsock2.h: No such file or directory
    2 | #include <winsock2.h>
      |          ^~~~~~~~~~~~
compilation terminated.
make[1]: *** [CMakeFiles/cmTC_07dc9.dir/build.make:85: CMakeFiles/cmTC_07dc9.dir/HAVE_WS2TCPIP_H.c.o] Error 1
make[1]: Leaving directory '/home/ego/projects/minecpp/build/CMakeFiles/CMakeTmp'
make: *** [Makefile:140: cmTC_07dc9/fast] Error 2


Source:
/* */
#include <winsock2.h>
#include <ws2tcpip.h>
#include <windows.h>


int main(void){return 0;}

Determining if files winsock.h;windows.h exist failed with the following output:
Change Dir: /home/ego/projects/minecpp/build/CMakeFiles/CMakeTmp

Run Build Command(s):/usr/bin/make cmTC_0d528/fast && /usr/bin/make  -f CMakeFiles/cmTC_0d528.dir/build.make CMakeFiles/cmTC_0d528.dir/build
make[1]: Entering directory '/home/ego/projects/minecpp/build/CMakeFiles/CMakeTmp'
Building C object CMakeFiles/cmTC_0d528.dir/HAVE_WINSOCK_H.c.o
/usr/bin/cc   -fPIE -o CMakeFiles/cmTC_0d528.dir/HAVE_WINSOCK_H.c.o -c /home/ego/projects/minecpp/build/CMakeFiles/CheckIncludeFiles/HAVE_WINSOCK_H.c
/home/ego/projects/minecpp/build/CMakeFiles/CheckIncludeFiles/HAVE_WINSOCK_H.c:2:10: fatal error: winsock.h: No such file or directory
    2 | #include <winsock.h>
      |          ^~~~~~~~~~~
compilation terminated.
make[1]: *** [CMakeFiles/cmTC_0d528.dir/build.make:85: CMakeFiles/cmTC_0d528.dir/HAVE_WINSOCK_H.c.o] Error 1
make[1]: Leaving directory '/home/ego/projects/minecpp/build/CMakeFiles/CMakeTmp'
make: *** [Makefile:140: cmTC_0d528/fast] Error 2


Source:
/* */
#include <winsock.h>
#include <windows.h>


int main(void){return 0;}

Determining if files windows.h exist failed with the following output:
Change Dir: /home/ego/projects/minecpp/build/CMakeFiles/CMakeTmp

Run Build Command(s):/usr/bin/make cmTC_466c5/fast && /usr/bin/make  -f CMakeFiles/cmTC_466c5.dir/build.make CMakeFiles/cmTC_466c5.dir/build
make[1]: Entering directory '/home/ego/projects/minecpp/build/CMakeFiles/CMakeTmp'
Building C object CMakeFiles/cmTC_466c5.dir/HAVE_WINDOWS_H.c.o
/usr/bin/cc   -fPIE -o CMakeFiles/cmTC_466c5.dir/HAVE_WINDOWS_H.c.o -c /home/ego/projects/minecpp/build/CMakeFiles/CheckIncludeFiles/HAVE_WINDOWS_H.c
/home/ego/projects/minecpp/build/CMakeFiles/CheckIncludeFiles/HAVE_WINDOWS_H.c:2:10: fatal error: windows.h: No such file or directory
    2 | #include <windows.h>
      |          ^~~~~~~~~~~
compilation terminated.
make[1]: *** [CMakeFiles/cmTC_466c5.dir/build.make:85: CMakeFiles/cmTC_466c5.dir/HAVE_WINDOWS_H.c.o] Error 1
make[1]: Leaving directory '/home/ego/projects/minecpp/build/CMakeFiles/CMakeTmp'
make: *** [Makefile:140: cmTC_466c5/fast] Error 2


Source:
/* */
#include <windows.h>


int main(void){return 0;}

Performing C SOURCE FILE Test HAVE_TYPE_SOCKET failed with the following output:
Change Dir: /home/ego/projects/minecpp/build/CMakeFiles/CMakeTmp

Run Build Command(s):/usr/bin/make cmTC_6acc9/fast && /usr/bin/make  -f CMakeFiles/cmTC_6acc9.dir/build.make CMakeFiles/cmTC_6acc9.dir/build
make[1]: Entering directory '/home/ego/projects/minecpp/build/CMakeFiles/CMakeTmp'
Building C object CMakeFiles/cmTC_6acc9.dir/src.c.o
/usr/bin/cc -DHAVE_TYPE_SOCKET -D_GNU_SOURCE -D_POSIX_C_SOURCE=199309L -D_XOPEN_SOURCE=600  -fPIE -o CMakeFiles/cmTC_6acc9.dir/src.c.o -c /home/ego/projects/minecpp/build/CMakeFiles/CMakeTmp/src.c
/home/ego/projects/minecpp/build/CMakeFiles/CMakeTmp/src.c: In function ‘main’:
/home/ego/projects/minecpp/build/CMakeFiles/CMakeTmp/src.c:26:4: error: unknown type name ‘SOCKET’
   26 |    SOCKET var_exists;
      |    ^~~~~~
make[1]: *** [CMakeFiles/cmTC_6acc9.dir/build.make:85: CMakeFiles/cmTC_6acc9.dir/src.c.o] Error 1
make[1]: Leaving directory '/home/ego/projects/minecpp/build/CMakeFiles/CMakeTmp'
make: *** [Makefile:140: cmTC_6acc9/fast] Error 2


Source file was:

		#include <stdio.h>
		#include <stdlib.h>
	
		#include <stdbool.h>
		#include <sys/types.h>
		#include <arpa/inet.h>
		#include <arpa/nameser.h>
		#include <netdb.h>
		#include <net/if.h>
		#include <netinet/in.h>
		#include <netinet/tcp.h>
		#include <signal.h>
		#include <stdlib.h>
		#include <string.h>
		#include <strings.h>
		#include <sys/ioctl.h>
		#include <sys/select.h>
		#include <sys/socket.h>
		#include <sys/time.h>
		#include <sys/uio.h>
		#include <time.h>
		#include <fcntl.h>
		#include <unistd.h>
		int main() {
			SOCKET var_exists;
			(void)var_exists;
			return 0;
		}
	
Determining if the SO_NONBLOCK exist failed with the following output:
Change Dir: /home/ego/projects/minecpp/build/CMakeFiles/CMakeTmp

Run Build Command(s):/usr/bin/make cmTC_d74c4/fast && /usr/bin/make  -f CMakeFiles/cmTC_d74c4.dir/build.make CMakeFiles/cmTC_d74c4.dir/build
make[1]: Entering directory '/home/ego/projects/minecpp/build/CMakeFiles/CMakeTmp'
Building C object CMakeFiles/cmTC_d74c4.dir/CheckSymbolExists.c.o
/usr/bin/cc -D_GNU_SOURCE -D_POSIX_C_SOURCE=199309L -D_XOPEN_SOURCE=600  -fPIE -o CMakeFiles/cmTC_d74c4.dir/CheckSymbolExists.c.o -c /home/ego/projects/minecpp/build/CMakeFiles/CMakeTmp/CheckSymbolExists.c
/home/ego/projects/minecpp/build/CMakeFiles/CMakeTmp/CheckSymbolExists.c: In function ‘main’:
/home/ego/projects/minecpp/build/CMakeFiles/CMakeTmp/CheckSymbolExists.c:27:19: error: ‘SO_NONBLOCK’ undeclared (first use in this function); did you mean ‘O_NONBLOCK’?
   27 |   return ((int*)(&SO_NONBLOCK))[argc];
      |                   ^~~~~~~~~~~
      |                   O_NONBLOCK
/home/ego/projects/minecpp/build/CMakeFiles/CMakeTmp/CheckSymbolExists.c:27:19: note: each undeclared identifier is reported only once for each function it appears in
make[1]: *** [CMakeFiles/cmTC_d74c4.dir/build.make:85: CMakeFiles/cmTC_d74c4.dir/CheckSymbolExists.c.o] Error 1
make[1]: Leaving directory '/home/ego/projects/minecpp/build/CMakeFiles/CMakeTmp'
make: *** [Makefile:140: cmTC_d74c4/fast] Error 2


File /home/ego/projects/minecpp/build/CMakeFiles/CMakeTmp/CheckSymbolExists.c:
/* */
#include <stdbool.h>
#include <sys/types.h>
#include <arpa/inet.h>
#include <arpa/nameser.h>
#include <netdb.h>
#include <net/if.h>
#include <netinet/in.h>
#include <netinet/tcp.h>
#include <signal.h>
#include <stdlib.h>
#include <string.h>
#include <strings.h>
#include <sys/ioctl.h>
#include <sys/select.h>
#include <sys/socket.h>
#include <sys/time.h>
#include <sys/uio.h>
#include <time.h>
#include <fcntl.h>
#include <unistd.h>

int main(int argc, char** argv)
{
  (void)argv;
#ifndef SO_NONBLOCK
  return ((int*)(&SO_NONBLOCK))[argc];
#else
  (void)argc;
  return 0;
#endif
}
Determining if the bitncmp exist failed with the following output:
Change Dir: /home/ego/projects/minecpp/build/CMakeFiles/CMakeTmp

Run Build Command(s):/usr/bin/make cmTC_780d9/fast && /usr/bin/make  -f CMakeFiles/cmTC_780d9.dir/build.make CMakeFiles/cmTC_780d9.dir/build
make[1]: Entering directory '/home/ego/projects/minecpp/build/CMakeFiles/CMakeTmp'
Building C object CMakeFiles/cmTC_780d9.dir/CheckSymbolExists.c.o
/usr/bin/cc -D_GNU_SOURCE -D_POSIX_C_SOURCE=199309L -D_XOPEN_SOURCE=600  -fPIE -o CMakeFiles/cmTC_780d9.dir/CheckSymbolExists.c.o -c /home/ego/projects/minecpp/build/CMakeFiles/CMakeTmp/CheckSymbolExists.c
/home/ego/projects/minecpp/build/CMakeFiles/CMakeTmp/CheckSymbolExists.c: In function ‘main’:
/home/ego/projects/minecpp/build/CMakeFiles/CMakeTmp/CheckSymbolExists.c:27:19: error: ‘bitncmp’ undeclared (first use in this function); did you mean ‘bcmp’?
   27 |   return ((int*)(&bitncmp))[argc];
      |                   ^~~~~~~
      |                   bcmp
/home/ego/projects/minecpp/build/CMakeFiles/CMakeTmp/CheckSymbolExists.c:27:19: note: each undeclared identifier is reported only once for each function it appears in
make[1]: *** [CMakeFiles/cmTC_780d9.dir/build.make:85: CMakeFiles/cmTC_780d9.dir/CheckSymbolExists.c.o] Error 1
make[1]: Leaving directory '/home/ego/projects/minecpp/build/CMakeFiles/CMakeTmp'
make: *** [Makefile:140: cmTC_780d9/fast] Error 2


File /home/ego/projects/minecpp/build/CMakeFiles/CMakeTmp/CheckSymbolExists.c:
/* */
#include <stdbool.h>
#include <sys/types.h>
#include <arpa/inet.h>
#include <arpa/nameser.h>
#include <netdb.h>
#include <net/if.h>
#include <netinet/in.h>
#include <netinet/tcp.h>
#include <signal.h>
#include <stdlib.h>
#include <string.h>
#include <strings.h>
#include <sys/ioctl.h>
#include <sys/select.h>
#include <sys/socket.h>
#include <sys/time.h>
#include <sys/uio.h>
#include <time.h>
#include <fcntl.h>
#include <unistd.h>

int main(int argc, char** argv)
{
  (void)argv;
#ifndef bitncmp
  return ((int*)(&bitncmp))[argc];
#else
  (void)argc;
  return 0;
#endif
}
Determining if the closesocket exist failed with the following output:
Change Dir: /home/ego/projects/minecpp/build/CMakeFiles/CMakeTmp

Run Build Command(s):/usr/bin/make cmTC_66294/fast && /usr/bin/make  -f CMakeFiles/cmTC_66294.dir/build.make CMakeFiles/cmTC_66294.dir/build
make[1]: Entering directory '/home/ego/projects/minecpp/build/CMakeFiles/CMakeTmp'
Building C object CMakeFiles/cmTC_66294.dir/CheckSymbolExists.c.o
/usr/bin/cc -D_GNU_SOURCE -D_POSIX_C_SOURCE=199309L -D_XOPEN_SOURCE=600  -fPIE -o CMakeFiles/cmTC_66294.dir/CheckSymbolExists.c.o -c /home/ego/projects/minecpp/build/CMakeFiles/CMakeTmp/CheckSymbolExists.c
/home/ego/projects/minecpp/build/CMakeFiles/CMakeTmp/CheckSymbolExists.c: In function ‘main’:
/home/ego/projects/minecpp/build/CMakeFiles/CMakeTmp/CheckSymbolExists.c:27:19: error: ‘closesocket’ undeclared (first use in this function)
   27 |   return ((int*)(&closesocket))[argc];
      |                   ^~~~~~~~~~~
/home/ego/projects/minecpp/build/CMakeFiles/CMakeTmp/CheckSymbolExists.c:27:19: note: each undeclared identifier is reported only once for each function it appears in
make[1]: *** [CMakeFiles/cmTC_66294.dir/build.make:85: CMakeFiles/cmTC_66294.dir/CheckSymbolExists.c.o] Error 1
make[1]: Leaving directory '/home/ego/projects/minecpp/build/CMakeFiles/CMakeTmp'
make: *** [Makefile:140: cmTC_66294/fast] Error 2


File /home/ego/projects/minecpp/build/CMakeFiles/CMakeTmp/CheckSymbolExists.c:
/* */
#include <stdbool.h>
#include <sys/types.h>
#include <arpa/inet.h>
#include <arpa/nameser.h>
#include <netdb.h>
#include <net/if.h>
#include <netinet/in.h>
#include <netinet/tcp.h>
#include <signal.h>
#include <stdlib.h>
#include <string.h>
#include <strings.h>
#include <sys/ioctl.h>
#include <sys/select.h>
#include <sys/socket.h>
#include <sys/time.h>
#include <sys/uio.h>
#include <time.h>
#include <fcntl.h>
#include <unistd.h>

int main(int argc, char** argv)
{
  (void)argv;
#ifndef closesocket
  return ((int*)(&closesocket))[argc];
#else
  (void)argc;
  return 0;
#endif
}
Determining if the CloseSocket exist failed with the following output:
Change Dir: /home/ego/projects/minecpp/build/CMakeFiles/CMakeTmp

Run Build Command(s):/usr/bin/make cmTC_4df58/fast && /usr/bin/make  -f CMakeFiles/cmTC_4df58.dir/build.make CMakeFiles/cmTC_4df58.dir/build
make[1]: Entering directory '/home/ego/projects/minecpp/build/CMakeFiles/CMakeTmp'
Building C object CMakeFiles/cmTC_4df58.dir/CheckSymbolExists.c.o
/usr/bin/cc -D_GNU_SOURCE -D_POSIX_C_SOURCE=199309L -D_XOPEN_SOURCE=600  -fPIE -o CMakeFiles/cmTC_4df58.dir/CheckSymbolExists.c.o -c /home/ego/projects/minecpp/build/CMakeFiles/CMakeTmp/CheckSymbolExists.c
/home/ego/projects/minecpp/build/CMakeFiles/CMakeTmp/CheckSymbolExists.c: In function ‘main’:
/home/ego/projects/minecpp/build/CMakeFiles/CMakeTmp/CheckSymbolExists.c:27:19: error: ‘CloseSocket’ undeclared (first use in this function)
   27 |   return ((int*)(&CloseSocket))[argc];
      |                   ^~~~~~~~~~~
/home/ego/projects/minecpp/build/CMakeFiles/CMakeTmp/CheckSymbolExists.c:27:19: note: each undeclared identifier is reported only once for each function it appears in
make[1]: *** [CMakeFiles/cmTC_4df58.dir/build.make:85: CMakeFiles/cmTC_4df58.dir/CheckSymbolExists.c.o] Error 1
make[1]: Leaving directory '/home/ego/projects/minecpp/build/CMakeFiles/CMakeTmp'
make: *** [Makefile:140: cmTC_4df58/fast] Error 2


File /home/ego/projects/minecpp/build/CMakeFiles/CMakeTmp/CheckSymbolExists.c:
/* */
#include <stdbool.h>
#include <sys/types.h>
#include <arpa/inet.h>
#include <arpa/nameser.h>
#include <netdb.h>
#include <net/if.h>
#include <netinet/in.h>
#include <netinet/tcp.h>
#include <signal.h>
#include <stdlib.h>
#include <string.h>
#include <strings.h>
#include <sys/ioctl.h>
#include <sys/select.h>
#include <sys/socket.h>
#include <sys/time.h>
#include <sys/uio.h>
#include <time.h>
#include <fcntl.h>
#include <unistd.h>

int main(int argc, char** argv)
{
  (void)argv;
#ifndef CloseSocket
  return ((int*)(&CloseSocket))[argc];
#else
  (void)argc;
  return 0;
#endif
}
Determining if the inet_net_pton exist failed with the following output:
Change Dir: /home/ego/projects/minecpp/build/CMakeFiles/CMakeTmp

Run Build Command(s):/usr/bin/make cmTC_01145/fast && /usr/bin/make  -f CMakeFiles/cmTC_01145.dir/build.make CMakeFiles/cmTC_01145.dir/build
make[1]: Entering directory '/home/ego/projects/minecpp/build/CMakeFiles/CMakeTmp'
Building C object CMakeFiles/cmTC_01145.dir/CheckSymbolExists.c.o
/usr/bin/cc -D_GNU_SOURCE -D_POSIX_C_SOURCE=199309L -D_XOPEN_SOURCE=600  -fPIE -o CMakeFiles/cmTC_01145.dir/CheckSymbolExists.c.o -c /home/ego/projects/minecpp/build/CMakeFiles/CMakeTmp/CheckSymbolExists.c
Linking C executable cmTC_01145
/usr/bin/cmake -E cmake_link_script CMakeFiles/cmTC_01145.dir/link.txt --verbose=1
/usr/bin/cc -rdynamic CMakeFiles/cmTC_01145.dir/CheckSymbolExists.c.o -o cmTC_01145  -lnsl -lrt 
/usr/bin/ld: CMakeFiles/cmTC_01145.dir/CheckSymbolExists.c.o: undefined reference to symbol 'inet_net_pton@@GLIBC_2.2.5'
/usr/bin/ld: /usr/lib/libresolv.so.2: error adding symbols: DSO missing from command line
collect2: error: ld returned 1 exit status
make[1]: *** [CMakeFiles/cmTC_01145.dir/build.make:106: cmTC_01145] Error 1
make[1]: Leaving directory '/home/ego/projects/minecpp/build/CMakeFiles/CMakeTmp'
make: *** [Makefile:140: cmTC_01145/fast] Error 2


File /home/ego/projects/minecpp/build/CMakeFiles/CMakeTmp/CheckSymbolExists.c:
/* */
#include <stdbool.h>
#include <sys/types.h>
#include <arpa/inet.h>
#include <arpa/nameser.h>
#include <netdb.h>
#include <net/if.h>
#include <netinet/in.h>
#include <netinet/tcp.h>
#include <signal.h>
#include <stdlib.h>
#include <string.h>
#include <strings.h>
#include <sys/ioctl.h>
#include <sys/select.h>
#include <sys/socket.h>
#include <sys/time.h>
#include <sys/uio.h>
#include <time.h>
#include <fcntl.h>
#include <unistd.h>

int main(int argc, char** argv)
{
  (void)argv;
#ifndef inet_net_pton
  return ((int*)(&inet_net_pton))[argc];
#else
  (void)argc;
  return 0;
#endif
}
Determining if the ioctlsocket exist failed with the following output:
Change Dir: /home/ego/projects/minecpp/build/CMakeFiles/CMakeTmp

Run Build Command(s):/usr/bin/make cmTC_4ec05/fast && /usr/bin/make  -f CMakeFiles/cmTC_4ec05.dir/build.make CMakeFiles/cmTC_4ec05.dir/build
make[1]: Entering directory '/home/ego/projects/minecpp/build/CMakeFiles/CMakeTmp'
Building C object CMakeFiles/cmTC_4ec05.dir/CheckSymbolExists.c.o
/usr/bin/cc -D_GNU_SOURCE -D_POSIX_C_SOURCE=199309L -D_XOPEN_SOURCE=600  -fPIE -o CMakeFiles/cmTC_4ec05.dir/CheckSymbolExists.c.o -c /home/ego/projects/minecpp/build/CMakeFiles/CMakeTmp/CheckSymbolExists.c
/home/ego/projects/minecpp/build/CMakeFiles/CMakeTmp/CheckSymbolExists.c: In function ‘main’:
/home/ego/projects/minecpp/build/CMakeFiles/CMakeTmp/CheckSymbolExists.c:27:19: error: ‘ioctlsocket’ undeclared (first use in this function)
   27 |   return ((int*)(&ioctlsocket))[argc];
      |                   ^~~~~~~~~~~
/home/ego/projects/minecpp/build/CMakeFiles/CMakeTmp/CheckSymbolExists.c:27:19: note: each undeclared identifier is reported only once for each function it appears in
make[1]: *** [CMakeFiles/cmTC_4ec05.dir/build.make:85: CMakeFiles/cmTC_4ec05.dir/CheckSymbolExists.c.o] Error 1
make[1]: Leaving directory '/home/ego/projects/minecpp/build/CMakeFiles/CMakeTmp'
make: *** [Makefile:140: cmTC_4ec05/fast] Error 2


File /home/ego/projects/minecpp/build/CMakeFiles/CMakeTmp/CheckSymbolExists.c:
/* */
#include <stdbool.h>
#include <sys/types.h>
#include <arpa/inet.h>
#include <arpa/nameser.h>
#include <netdb.h>
#include <net/if.h>
#include <netinet/in.h>
#include <netinet/tcp.h>
#include <signal.h>
#include <stdlib.h>
#include <string.h>
#include <strings.h>
#include <sys/ioctl.h>
#include <sys/select.h>
#include <sys/socket.h>
#include <sys/time.h>
#include <sys/uio.h>
#include <time.h>
#include <fcntl.h>
#include <unistd.h>

int main(int argc, char** argv)
{
  (void)argv;
#ifndef ioctlsocket
  return ((int*)(&ioctlsocket))[argc];
#else
  (void)argc;
  return 0;
#endif
}
Determining if the IoctlSocket exist failed with the following output:
Change Dir: /home/ego/projects/minecpp/build/CMakeFiles/CMakeTmp

Run Build Command(s):/usr/bin/make cmTC_325c1/fast && /usr/bin/make  -f CMakeFiles/cmTC_325c1.dir/build.make CMakeFiles/cmTC_325c1.dir/build
make[1]: Entering directory '/home/ego/projects/minecpp/build/CMakeFiles/CMakeTmp'
Building C object CMakeFiles/cmTC_325c1.dir/CheckSymbolExists.c.o
/usr/bin/cc -D_GNU_SOURCE -D_POSIX_C_SOURCE=199309L -D_XOPEN_SOURCE=600  -fPIE -o CMakeFiles/cmTC_325c1.dir/CheckSymbolExists.c.o -c /home/ego/projects/minecpp/build/CMakeFiles/CMakeTmp/CheckSymbolExists.c
/home/ego/projects/minecpp/build/CMakeFiles/CMakeTmp/CheckSymbolExists.c: In function ‘main’:
/home/ego/projects/minecpp/build/CMakeFiles/CMakeTmp/CheckSymbolExists.c:27:19: error: ‘IoctlSocket’ undeclared (first use in this function)
   27 |   return ((int*)(&IoctlSocket))[argc];
      |                   ^~~~~~~~~~~
/home/ego/projects/minecpp/build/CMakeFiles/CMakeTmp/CheckSymbolExists.c:27:19: note: each undeclared identifier is reported only once for each function it appears in
make[1]: *** [CMakeFiles/cmTC_325c1.dir/build.make:85: CMakeFiles/cmTC_325c1.dir/CheckSymbolExists.c.o] Error 1
make[1]: Leaving directory '/home/ego/projects/minecpp/build/CMakeFiles/CMakeTmp'
make: *** [Makefile:140: cmTC_325c1/fast] Error 2


File /home/ego/projects/minecpp/build/CMakeFiles/CMakeTmp/CheckSymbolExists.c:
/* */
#include <stdbool.h>
#include <sys/types.h>
#include <arpa/inet.h>
#include <arpa/nameser.h>
#include <netdb.h>
#include <net/if.h>
#include <netinet/in.h>
#include <netinet/tcp.h>
#include <signal.h>
#include <stdlib.h>
#include <string.h>
#include <strings.h>
#include <sys/ioctl.h>
#include <sys/select.h>
#include <sys/socket.h>
#include <sys/time.h>
#include <sys/uio.h>
#include <time.h>
#include <fcntl.h>
#include <unistd.h>

int main(int argc, char** argv)
{
  (void)argv;
#ifndef IoctlSocket
  return ((int*)(&IoctlSocket))[argc];
#else
  (void)argc;
  return 0;
#endif
}
Determining if the strcmpi exist failed with the following output:
Change Dir: /home/ego/projects/minecpp/build/CMakeFiles/CMakeTmp

Run Build Command(s):/usr/bin/make cmTC_58fa9/fast && /usr/bin/make  -f CMakeFiles/cmTC_58fa9.dir/build.make CMakeFiles/cmTC_58fa9.dir/build
make[1]: Entering directory '/home/ego/projects/minecpp/build/CMakeFiles/CMakeTmp'
Building C object CMakeFiles/cmTC_58fa9.dir/CheckSymbolExists.c.o
/usr/bin/cc -D_GNU_SOURCE -D_POSIX_C_SOURCE=199309L -D_XOPEN_SOURCE=600  -fPIE -o CMakeFiles/cmTC_58fa9.dir/CheckSymbolExists.c.o -c /home/ego/projects/minecpp/build/CMakeFiles/CMakeTmp/CheckSymbolExists.c
/home/ego/projects/minecpp/build/CMakeFiles/CMakeTmp/CheckSymbolExists.c: In function ‘main’:
/home/ego/projects/minecpp/build/CMakeFiles/CMakeTmp/CheckSymbolExists.c:27:19: error: ‘strcmpi’ undeclared (first use in this function); did you mean ‘strcmp’?
   27 |   return ((int*)(&strcmpi))[argc];
      |                   ^~~~~~~
      |                   strcmp
/home/ego/projects/minecpp/build/CMakeFiles/CMakeTmp/CheckSymbolExists.c:27:19: note: each undeclared identifier is reported only once for each function it appears in
make[1]: *** [CMakeFiles/cmTC_58fa9.dir/build.make:85: CMakeFiles/cmTC_58fa9.dir/CheckSymbolExists.c.o] Error 1
make[1]: Leaving directory '/home/ego/projects/minecpp/build/CMakeFiles/CMakeTmp'
make: *** [Makefile:140: cmTC_58fa9/fast] Error 2


File /home/ego/projects/minecpp/build/CMakeFiles/CMakeTmp/CheckSymbolExists.c:
/* */
#include <stdbool.h>
#include <sys/types.h>
#include <arpa/inet.h>
#include <arpa/nameser.h>
#include <netdb.h>
#include <net/if.h>
#include <netinet/in.h>
#include <netinet/tcp.h>
#include <signal.h>
#include <stdlib.h>
#include <string.h>
#include <strings.h>
#include <sys/ioctl.h>
#include <sys/select.h>
#include <sys/socket.h>
#include <sys/time.h>
#include <sys/uio.h>
#include <time.h>
#include <fcntl.h>
#include <unistd.h>

int main(int argc, char** argv)
{
  (void)argv;
#ifndef strcmpi
  return ((int*)(&strcmpi))[argc];
#else
  (void)argc;
  return 0;
#endif
}
Determining if the stricmp exist failed with the following output:
Change Dir: /home/ego/projects/minecpp/build/CMakeFiles/CMakeTmp

Run Build Command(s):/usr/bin/make cmTC_d0578/fast && /usr/bin/make  -f CMakeFiles/cmTC_d0578.dir/build.make CMakeFiles/cmTC_d0578.dir/build
make[1]: Entering directory '/home/ego/projects/minecpp/build/CMakeFiles/CMakeTmp'
Building C object CMakeFiles/cmTC_d0578.dir/CheckSymbolExists.c.o
/usr/bin/cc -D_GNU_SOURCE -D_POSIX_C_SOURCE=199309L -D_XOPEN_SOURCE=600  -fPIE -o CMakeFiles/cmTC_d0578.dir/CheckSymbolExists.c.o -c /home/ego/projects/minecpp/build/CMakeFiles/CMakeTmp/CheckSymbolExists.c
/home/ego/projects/minecpp/build/CMakeFiles/CMakeTmp/CheckSymbolExists.c: In function ‘main’:
/home/ego/projects/minecpp/build/CMakeFiles/CMakeTmp/CheckSymbolExists.c:27:19: error: ‘stricmp’ undeclared (first use in this function); did you mean ‘strncmp’?
   27 |   return ((int*)(&stricmp))[argc];
      |                   ^~~~~~~
      |                   strncmp
/home/ego/projects/minecpp/build/CMakeFiles/CMakeTmp/CheckSymbolExists.c:27:19: note: each undeclared identifier is reported only once for each function it appears in
make[1]: *** [CMakeFiles/cmTC_d0578.dir/build.make:85: CMakeFiles/cmTC_d0578.dir/CheckSymbolExists.c.o] Error 1
make[1]: Leaving directory '/home/ego/projects/minecpp/build/CMakeFiles/CMakeTmp'
make: *** [Makefile:140: cmTC_d0578/fast] Error 2


File /home/ego/projects/minecpp/build/CMakeFiles/CMakeTmp/CheckSymbolExists.c:
/* */
#include <stdbool.h>
#include <sys/types.h>
#include <arpa/inet.h>
#include <arpa/nameser.h>
#include <netdb.h>
#include <net/if.h>
#include <netinet/in.h>
#include <netinet/tcp.h>
#include <signal.h>
#include <stdlib.h>
#include <string.h>
#include <strings.h>
#include <sys/ioctl.h>
#include <sys/select.h>
#include <sys/socket.h>
#include <sys/time.h>
#include <sys/uio.h>
#include <time.h>
#include <fcntl.h>
#include <unistd.h>

int main(int argc, char** argv)
{
  (void)argv;
#ifndef stricmp
  return ((int*)(&stricmp))[argc];
#else
  (void)argc;
  return 0;
#endif
}
Determining if the strncmpi exist failed with the following output:
Change Dir: /home/ego/projects/minecpp/build/CMakeFiles/CMakeTmp

Run Build Command(s):/usr/bin/make cmTC_7a25e/fast && /usr/bin/make  -f CMakeFiles/cmTC_7a25e.dir/build.make CMakeFiles/cmTC_7a25e.dir/build
make[1]: Entering directory '/home/ego/projects/minecpp/build/CMakeFiles/CMakeTmp'
Building C object CMakeFiles/cmTC_7a25e.dir/CheckSymbolExists.c.o
/usr/bin/cc -D_GNU_SOURCE -D_POSIX_C_SOURCE=199309L -D_XOPEN_SOURCE=600  -fPIE -o CMakeFiles/cmTC_7a25e.dir/CheckSymbolExists.c.o -c /home/ego/projects/minecpp/build/CMakeFiles/CMakeTmp/CheckSymbolExists.c
/home/ego/projects/minecpp/build/CMakeFiles/CMakeTmp/CheckSymbolExists.c: In function ‘main’:
/home/ego/projects/minecpp/build/CMakeFiles/CMakeTmp/CheckSymbolExists.c:27:19: error: ‘strncmpi’ undeclared (first use in this function); did you mean ‘strncmp’?
   27 |   return ((int*)(&strncmpi))[argc];
      |                   ^~~~~~~~
      |                   strncmp
/home/ego/projects/minecpp/build/CMakeFiles/CMakeTmp/CheckSymbolExists.c:27:19: note: each undeclared identifier is reported only once for each function it appears in
make[1]: *** [CMakeFiles/cmTC_7a25e.dir/build.make:85: CMakeFiles/cmTC_7a25e.dir/CheckSymbolExists.c.o] Error 1
make[1]: Leaving directory '/home/ego/projects/minecpp/build/CMakeFiles/CMakeTmp'
make: *** [Makefile:140: cmTC_7a25e/fast] Error 2


File /home/ego/projects/minecpp/build/CMakeFiles/CMakeTmp/CheckSymbolExists.c:
/* */
#include <stdbool.h>
#include <sys/types.h>
#include <arpa/inet.h>
#include <arpa/nameser.h>
#include <netdb.h>
#include <net/if.h>
#include <netinet/in.h>
#include <netinet/tcp.h>
#include <signal.h>
#include <stdlib.h>
#include <string.h>
#include <strings.h>
#include <sys/ioctl.h>
#include <sys/select.h>
#include <sys/socket.h>
#include <sys/time.h>
#include <sys/uio.h>
#include <time.h>
#include <fcntl.h>
#include <unistd.h>

int main(int argc, char** argv)
{
  (void)argv;
#ifndef strncmpi
  return ((int*)(&strncmpi))[argc];
#else
  (void)argc;
  return 0;
#endif
}
Determining if the strnicmp exist failed with the following output:
Change Dir: /home/ego/projects/minecpp/build/CMakeFiles/CMakeTmp

Run Build Command(s):/usr/bin/make cmTC_a22b3/fast && /usr/bin/make  -f CMakeFiles/cmTC_a22b3.dir/build.make CMakeFiles/cmTC_a22b3.dir/build
make[1]: Entering directory '/home/ego/projects/minecpp/build/CMakeFiles/CMakeTmp'
Building C object CMakeFiles/cmTC_a22b3.dir/CheckSymbolExists.c.o
/usr/bin/cc -D_GNU_SOURCE -D_POSIX_C_SOURCE=199309L -D_XOPEN_SOURCE=600  -fPIE -o CMakeFiles/cmTC_a22b3.dir/CheckSymbolExists.c.o -c /home/ego/projects/minecpp/build/CMakeFiles/CMakeTmp/CheckSymbolExists.c
/home/ego/projects/minecpp/build/CMakeFiles/CMakeTmp/CheckSymbolExists.c: In function ‘main’:
/home/ego/projects/minecpp/build/CMakeFiles/CMakeTmp/CheckSymbolExists.c:27:19: error: ‘strnicmp’ undeclared (first use in this function); did you mean ‘strncmp’?
   27 |   return ((int*)(&strnicmp))[argc];
      |                   ^~~~~~~~
      |                   strncmp
/home/ego/projects/minecpp/build/CMakeFiles/CMakeTmp/CheckSymbolExists.c:27:19: note: each undeclared identifier is reported only once for each function it appears in
make[1]: *** [CMakeFiles/cmTC_a22b3.dir/build.make:85: CMakeFiles/cmTC_a22b3.dir/CheckSymbolExists.c.o] Error 1
make[1]: Leaving directory '/home/ego/projects/minecpp/build/CMakeFiles/CMakeTmp'
make: *** [Makefile:140: cmTC_a22b3/fast] Error 2


File /home/ego/projects/minecpp/build/CMakeFiles/CMakeTmp/CheckSymbolExists.c:
/* */
#include <stdbool.h>
#include <sys/types.h>
#include <arpa/inet.h>
#include <arpa/nameser.h>
#include <netdb.h>
#include <net/if.h>
#include <netinet/in.h>
#include <netinet/tcp.h>
#include <signal.h>
#include <stdlib.h>
#include <string.h>
#include <strings.h>
#include <sys/ioctl.h>
#include <sys/select.h>
#include <sys/socket.h>
#include <sys/time.h>
#include <sys/uio.h>
#include <time.h>
#include <fcntl.h>
#include <unistd.h>

int main(int argc, char** argv)
{
  (void)argv;
#ifndef strnicmp
  return ((int*)(&strnicmp))[argc];
#else
  (void)argc;
  return 0;
#endif
}
Determining if the function __system_property_get exists failed with the following output:
Change Dir: /home/ego/projects/minecpp/build/CMakeFiles/CMakeTmp

Run Build Command(s):/usr/bin/make cmTC_48746/fast && /usr/bin/make  -f CMakeFiles/cmTC_48746.dir/build.make CMakeFiles/cmTC_48746.dir/build
make[1]: Entering directory '/home/ego/projects/minecpp/build/CMakeFiles/CMakeTmp'
Building C object CMakeFiles/cmTC_48746.dir/CheckFunctionExists.c.o
/usr/bin/cc -D_GNU_SOURCE -D_POSIX_C_SOURCE=199309L -D_XOPEN_SOURCE=600  -DCHECK_FUNCTION_EXISTS=__system_property_get -fPIE -o CMakeFiles/cmTC_48746.dir/CheckFunctionExists.c.o -c /usr/share/cmake-3.19/Modules/CheckFunctionExists.c
Linking C executable cmTC_48746
/usr/bin/cmake -E cmake_link_script CMakeFiles/cmTC_48746.dir/link.txt --verbose=1
/usr/bin/cc   -DCHECK_FUNCTION_EXISTS=__system_property_get -rdynamic CMakeFiles/cmTC_48746.dir/CheckFunctionExists.c.o -o cmTC_48746  -lnsl -lrt 
/usr/bin/ld: CMakeFiles/cmTC_48746.dir/CheckFunctionExists.c.o: in function `main':
CheckFunctionExists.c:(.text+0x10): undefined reference to `__system_property_get'
collect2: error: ld returned 1 exit status
make[1]: *** [CMakeFiles/cmTC_48746.dir/build.make:106: cmTC_48746] Error 1
make[1]: Leaving directory '/home/ego/projects/minecpp/build/CMakeFiles/CMakeTmp'
make: *** [Makefile:140: cmTC_48746/fast] Error 2



Determining if the strtod_l exist failed with the following output:
Change Dir: /home/ego/projects/minecpp/build/CMakeFiles/CMakeTmp

Run Build Command(s):/usr/bin/make cmTC_b809d/fast && /usr/bin/make  -f CMakeFiles/cmTC_b809d.dir/build.make CMakeFiles/cmTC_b809d.dir/build
make[1]: Entering directory '/home/ego/projects/minecpp/build/CMakeFiles/CMakeTmp'
Building C object CMakeFiles/cmTC_b809d.dir/CheckSymbolExists.c.o
/usr/bin/cc    -o CMakeFiles/cmTC_b809d.dir/CheckSymbolExists.c.o -c /home/ego/projects/minecpp/build/CMakeFiles/CMakeTmp/CheckSymbolExists.c
/home/ego/projects/minecpp/build/CMakeFiles/CMakeTmp/CheckSymbolExists.c: In function ‘main’:
/home/ego/projects/minecpp/build/CMakeFiles/CMakeTmp/CheckSymbolExists.c:8:19: error: ‘strtod_l’ undeclared (first use in this function); did you mean ‘strtoull’?
    8 |   return ((int*)(&strtod_l))[argc];
      |                   ^~~~~~~~
      |                   strtoull
/home/ego/projects/minecpp/build/CMakeFiles/CMakeTmp/CheckSymbolExists.c:8:19: note: each undeclared identifier is reported only once for each function it appears in
make[1]: *** [CMakeFiles/cmTC_b809d.dir/build.make:85: CMakeFiles/cmTC_b809d.dir/CheckSymbolExists.c.o] Error 1
make[1]: Leaving directory '/home/ego/projects/minecpp/build/CMakeFiles/CMakeTmp'
make: *** [Makefile:140: cmTC_b809d/fast] Error 2


File /home/ego/projects/minecpp/build/CMakeFiles/CMakeTmp/CheckSymbolExists.c:
/* */
#include <stdlib.h>

int main(int argc, char** argv)
{
  (void)argv;
#ifndef strtod_l
  return ((int*)(&strtod_l))[argc];
#else
  (void)argc;
  return 0;
#endif
}
